<?xml version="1.0" encoding="UTF-8"?>
<testsuite xmlns:xsi="http://www.w3.org/2001/XMLSchema-instance" xsi:noNamespaceSchemaLocation="https://maven.apache.org/surefire/maven-surefire-plugin/xsd/surefire-test-report-3.0.xsd" version="3.0" name="runner.Runner" time="236.1" tests="9" errors="0" skipped="0" failures="0">
  <properties>
[...]
</properties>
  <testcase name="Validating module functionality" classname="Validating Modules functionality" time="96.678">
    <system-err><![CDATA[SLF4J: Failed to load class "org.slf4j.impl.StaticLoggerBinder".
SLF4J: Defaulting to no-operation (NOP) logger implementation
SLF4J: See http://www.slf4j.org/codes.html#StaticLoggerBinder for further details.
Starting ChromeDriver 114.0.5735.90 (386bc09e8f4f2e025eddae123f36f6263096ae49-refs/branch-heads/5735@{#1052}) on port 26167
Only local connections are allowed.
Please see https://chromedriver.chromium.org/security-considerations for suggestions on keeping ChromeDriver safe.
ChromeDriver was started successfully.
Jul 06, 2023 7:48:07 PM org.openqa.selenium.remote.ProtocolHandshake createSession
INFO: Detected dialect: W3C
]]></system-err>
  </testcase>
  <testcase name="Validating search result matches the searched item" classname="Validating Search functionality" time="36.974">
    <system-out><![CDATA[Custom Neon Sign | Neon sign | Aesthetic Neon Sign | Name Neon Sign | Neon sign | Wedding Neon Sign | LED signs | Wall Decor | Home decor doesn't contain carpet
Custom Neon Sign | Neon Sign | Room Decor | LED Neon Light| Neon Bar Sign| Neon Bedroom Sign | Neon Light | Christmas | Personalized | Neon doesn't contain carpet
Wet Grass Rug,Grass Rug,Green Rug,Quote Rug,Grass Pattern Rug,Grass Theme Rug,Modern Rug, Popular Rug, Area Rug, Custom Rug, Living Room Rug doesn't contain carpet
Custom Neon Sign | Neon Sign | Aesthetic Custom Neon Sign | Room decor | LED Neon Sign | Wedding Neon Sign | Neon Sign Light | Wall decor doesn't contain carpet
Living Room Rug Bedroom Rug Handmade Adeline Rug 8x10, 5x8 Rug, 9x12 Rug, 6x9 Rug doesn't contain carpet
Moroccan rug , Beni Mrirt rug, Premium quality Moroccan rug, Modern artwork, Handwoven large Shaggy rug doesn't contain carpet
Retro Hip Hop Bedroom Rug| Black 8 Billiard Mat| Urban Vintage Area Rug| Unique Street Style Decor| Nostalgic 90s Design| Modern Home Decor doesn't contain carpet
MOROCCAN RUG Vintage Colorful Rug Kitchen Bathroom Handmade Rug Personalized Colorful Rug Turkish Rug Living Room Rugs Antique Washable Rug doesn't contain carpet
Wool Rug Handmade Persian Area Rug Runner Oushak Channing Red Rug 8x10 , 5x8, 6x9, 9x12 doesn't contain carpet
Rugs 6x9, Red Rug 6x9, Turkish Rug 6x9, Oriental Rug 6x9, Kilim Rug 6x9, Rug 8x10, Turkish Rug Oushak, Area Rug 6x9, Turkish Kilim, Rug doesn't contain carpet
Custom neon signs | Neon sign | Neon Light Sign | Neon Sign Custom | Neon Sign Bedroom | Personalized Neon Sign | LED Neon Sign | Home decor doesn't contain carpet
Cassia floral Hand tufted multicolored rug for home , New home gift ,Home decor , living room ..(quick to ship) doesn't contain carpet
Designer | Zen Ocean Wave Abstract Rug, Area Rug, Bedroom Rug, Art Rug, Modern Rug, Living Room Rug, Bath Mat, Tufted Rug, Rug Runner doesn't contain carpet
Handmade Collector's Piece, Vintage Top Quality Oriental Rug, Open Field & Floral Medallion, Mint Condition, 11'x17'9" doesn't contain carpet
Custom Neon Sign | Neon Sign | Personalized Gifts | Wedding Signs | Name Signs | Led Neon Lights | Neon Signs | Neon Sign bar doesn't contain carpet
Housewarming Gift | Wedding Gift | Custom Doormat | Personalized Doormat | Closing Gift | Welcome Doormat | Front Door Mat | Monogram Rug doesn't contain carpet
Moroccan rug Ivory - Solid creamy rug - Plain cream rug - Wool Berber rug - Beni ourain rug - Custom rug - Handmade rug - Moroccan area rug doesn't contain carpet
Custom Tufted Rugs | Customized Anime Rug | Personalized Cartoon Door Mat | Custom rugs for Kids bedroom | Aesthetic Area rugs doesn't contain carpet
8 Ball Rug Tufted | Blue 8 Ball Bedroom Aesthetics Rug, Minimalist Tufted Rug, Housewarming Gift, Handmade Rug, Home Decor Gift, Y2K Decor doesn't contain carpet
8x10 Rugs, Tufted 5x8, Wool Rugs 6x9, Living Room Rugs, Abstract Rug, Custom Rug doesn't contain carpet
Monstera Leaf Rug, Green Rug, Fluffy Bath Rug, Tufted Area Rug, Handmade Rug, Plant Rug, Aesthetic Rug for Bedroom, Minimalist Home Decor doesn't contain carpet
Keith Haring Graffiti Casual Tapestry Blanket Throws doesn't contain carpet
Moroccan rug , Beni Mrirt rug, Premium quality Moroccan rug, Modern artwork, Handwoven large Shaggy rug doesn't contain carpet
Keep Off,656 Keep Off Rug VRGL, Keepoff, Black Rug, Black White Rug, Living Room Rug, Popular Rug,Fantastic Rug,Modern Design, doesn't contain carpet
Hand Braided Bohemian Colorful Cotton Chindi Area Rug multi color Home Decor Rugs cotton area rugs Round Rug Home Decor Rag Rug Area Rug doesn't contain carpet
White Boho Jute Rug, Natural Jute Rug, Bohemian Rug, Hand Braided Jute Rug, Custom Rug, Moroccan Rug, Large Area Rug, Handwoven Rug doesn't contain carpet
Natural Jute Handwoven Boho Area Rug/ Large Area Rug/ Eco Friendly Rug/ Turkish Solid Custom Size Rug/Indian Decor rug,Custom size rug doesn't contain carpet
Large handwoven cream rug 140x200 cm, living room rug, cream area rug, soft rug, nursery rug, bohemian decoration, boho rug, salon tapis doesn't contain carpet
Custom Family & Pet Name Welcome Mat | Custom Names Doormat | Welcome Mat | Housewarming Gift | Pet Lover Gift | New Home Closing Gift doesn't contain carpet
]]></system-out>
    <system-err><![CDATA[Starting ChromeDriver 114.0.5735.90 (386bc09e8f4f2e025eddae123f36f6263096ae49-refs/branch-heads/5735@{#1052}) on port 2351
Only local connections are allowed.
Please see https://chromedriver.chromium.org/security-considerations for suggestions on keeping ChromeDriver safe.
ChromeDriver was started successfully.
Jul 06, 2023 7:49:40 PM org.openqa.selenium.remote.ProtocolHandshake createSession
INFO: Detected dialect: W3C
]]></system-err>
  </testcase>
  <testcase name="Validating price range functionality for searched item" classname="Validating Search functionality" time="46.708">
    <system-err><![CDATA[Starting ChromeDriver 114.0.5735.90 (386bc09e8f4f2e025eddae123f36f6263096ae49-refs/branch-heads/5735@{#1052}) on port 48933
Only local connections are allowed.
Please see https://chromedriver.chromium.org/security-considerations for suggestions on keeping ChromeDriver safe.
ChromeDriver was started successfully.
Jul 06, 2023 7:50:17 PM org.openqa.selenium.remote.ProtocolHandshake createSession
INFO: Detected dialect: W3C
]]></system-err>
  </testcase>
  <testcase name="Validating Login Functionality with valid credentials" classname="Validating Login Functionality" time="8.769">
    <system-err><![CDATA[Starting ChromeDriver 114.0.5735.90 (386bc09e8f4f2e025eddae123f36f6263096ae49-refs/branch-heads/5735@{#1052}) on port 8170
Only local connections are allowed.
Please see https://chromedriver.chromium.org/security-considerations for suggestions on keeping ChromeDriver safe.
ChromeDriver was started successfully.
Jul 06, 2023 7:51:04 PM org.openqa.selenium.remote.ProtocolHandshake createSession
INFO: Detected dialect: W3C
]]></system-err>
  </testcase>
  <testcase name="Validating login functionality with invalid credentials" classname="Validating Login Functionality" time="7.785">
    <system-err><![CDATA[Starting ChromeDriver 114.0.5735.90 (386bc09e8f4f2e025eddae123f36f6263096ae49-refs/branch-heads/5735@{#1052}) on port 19821
Only local connections are allowed.
Please see https://chromedriver.chromium.org/security-considerations for suggestions on keeping ChromeDriver safe.
ChromeDriver was started successfully.
Jul 06, 2023 7:51:12 PM org.openqa.selenium.remote.ProtocolHandshake createSession
INFO: Detected dialect: W3C
]]></system-err>
  </testcase>
  <testcase name="Validating discount calculator #1" classname="Validating Order Creation" time="9.389">
    <system-err><![CDATA[Starting ChromeDriver 114.0.5735.90 (386bc09e8f4f2e025eddae123f36f6263096ae49-refs/branch-heads/5735@{#1052}) on port 48815
Only local connections are allowed.
Please see https://chromedriver.chromium.org/security-considerations for suggestions on keeping ChromeDriver safe.
ChromeDriver was started successfully.
Jul 06, 2023 7:51:20 PM org.openqa.selenium.remote.ProtocolHandshake createSession
INFO: Detected dialect: W3C
]]></system-err>
  </testcase>
  <testcase name="Validating discount calculator #2" classname="Validating Order Creation" time="9.363">
    <system-err><![CDATA[Starting ChromeDriver 114.0.5735.90 (386bc09e8f4f2e025eddae123f36f6263096ae49-refs/branch-heads/5735@{#1052}) on port 29269
Only local connections are allowed.
Please see https://chromedriver.chromium.org/security-considerations for suggestions on keeping ChromeDriver safe.
ChromeDriver was started successfully.
Jul 06, 2023 7:51:30 PM org.openqa.selenium.remote.ProtocolHandshake createSession
INFO: Detected dialect: W3C
]]></system-err>
  </testcase>
  <testcase name="Validating discount calculator #3" classname="Validating Order Creation" time="9.607">
    <system-err><![CDATA[Starting ChromeDriver 114.0.5735.90 (386bc09e8f4f2e025eddae123f36f6263096ae49-refs/branch-heads/5735@{#1052}) on port 47893
Only local connections are allowed.
Please see https://chromedriver.chromium.org/security-considerations for suggestions on keeping ChromeDriver safe.
ChromeDriver was started successfully.
Jul 06, 2023 7:51:39 PM org.openqa.selenium.remote.ProtocolHandshake createSession
INFO: Detected dialect: W3C
]]></system-err>
  </testcase>
  <testcase name="Validating Order Creating functionality" classname="Validating Order Creation" time="10.623">
    <system-err><![CDATA[Starting ChromeDriver 114.0.5735.90 (386bc09e8f4f2e025eddae123f36f6263096ae49-refs/branch-heads/5735@{#1052}) on port 18301
Only local connections are allowed.
Please see https://chromedriver.chromium.org/security-considerations for suggestions on keeping ChromeDriver safe.
ChromeDriver was started successfully.
Jul 06, 2023 7:51:48 PM org.openqa.selenium.remote.ProtocolHandshake createSession
INFO: Detected dialect: W3C
]]></system-err>
  </testcase>
</testsuite>